<?xml version="1.0" encoding="UTF-8"?>
<testng-results total="2" passed="2" failed="0" skipped="0">
  <reporter-output>
  </reporter-output>
  <suite started-at="2020-09-12T07:29:05Z" name="Suite" finished-at="2020-09-12T07:30:28Z" duration-ms="82557">
    <groups>
    </groups>
    <test started-at="2020-09-12T07:29:05Z" name="Test" finished-at="2020-09-12T07:30:28Z" duration-ms="82557">
      <class name="BusinessComponent.PetzoneScenariosMain">
        <test-method is-config="true" signature="browserLaunch()[pri:0, instance:BusinessComponent.PetzoneScenariosMain@81d9a72]" started-at="2020-09-12T12:59:05Z" name="browserLaunch" finished-at="2020-09-12T12:59:49Z" duration-ms="43889" status="PASS">
          <reporter-output>
          </reporter-output>
        </test-method> <!-- browserLaunch -->
        <test-method is-config="true" signature="startTest()[pri:0, instance:BusinessComponent.PetzoneScenariosMain@81d9a72]" started-at="2020-09-12T12:59:50Z" name="startTest" finished-at="2020-09-12T12:59:54Z" duration-ms="4235" status="PASS">
          <reporter-output>
          </reporter-output>
        </test-method> <!-- startTest -->
        <test-method signature="scenarioLegalNotice()[pri:0, instance:BusinessComponent.PetzoneScenariosMain@81d9a72]" started-at="2020-09-12T12:59:54Z" name="scenarioLegalNotice" finished-at="2020-09-12T12:59:57Z" duration-ms="3213" status="PASS">
          <reporter-output>
          </reporter-output>
        </test-method> <!-- scenarioLegalNotice -->
        <test-method signature="CartCat()[pri:0, instance:BusinessComponent.PetzoneScenariosMain@81d9a72]" started-at="2020-09-12T12:59:57Z" name="CartCat" finished-at="2020-09-12T13:00:11Z" duration-ms="13566" status="PASS">
          <reporter-output>
          </reporter-output>
        </test-method> <!-- CartCat -->
        <test-method is-config="true" signature="endTest()[pri:0, instance:BusinessComponent.PetzoneScenariosMain@81d9a72]" started-at="2020-09-12T13:00:11Z" name="endTest" finished-at="2020-09-12T13:00:17Z" duration-ms="6249" status="PASS">
          <reporter-output>
          </reporter-output>
        </test-method> <!-- endTest -->
        <test-method is-config="true" signature="closeBrowser()[pri:0, instance:BusinessComponent.PetzoneScenariosMain@81d9a72]" started-at="2020-09-12T13:00:17Z" name="closeBrowser" finished-at="2020-09-12T13:00:28Z" duration-ms="11060" status="PASS">
          <reporter-output>
          </reporter-output>
        </test-method> <!-- closeBrowser -->
      </class> <!-- BusinessComponent.PetzoneScenariosMain -->
    </test> <!-- Test -->
  </suite> <!-- Suite -->
</testng-results>
